{"C:\\Users\\mayur\\tushar\\web3\\Stellar\\level_3\\relay\\src\\relay.ts": {"path":"C:\\Users\\mayur\\tushar\\web3\\Stellar\\level_3\\relay\\src\\relay.ts","statementMap":{"0":{"start":{"line":3,"column":0},"end":{"line":3,"column":16}},"1":{"start":{"line":16,"column":0},"end":{"line":16,"column":16}},"2":{"start":{"line":1,"column":0},"end":{"line":1,"column":27}},"3":{"start":{"line":4,"column":2},"end":{"line":4,"column":null}},"4":{"start":{"line":4,"column":13},"end":{"line":4,"column":null}},"5":{"start":{"line":5,"column":2},"end":{"line":12,"column":3}},"6":{"start":{"line":10,"column":18},"end":{"line":10,"column":37}},"7":{"start":{"line":11,"column":4},"end":{"line":11,"column":null}},"8":{"start":{"line":11,"column":20},"end":{"line":11,"column":null}},"9":{"start":{"line":13,"column":2},"end":{"line":13,"column":null}},"10":{"start":{"line":17,"column":2},"end":{"line":17,"column":null}},"11":{"start":{"line":17,"column":18},"end":{"line":17,"column":null}},"12":{"start":{"line":18,"column":32},"end":{"line":18,"column":52}},"13":{"start":{"line":19,"column":17},"end":{"line":19,"column":56}},"14":{"start":{"line":20,"column":2},"end":{"line":20,"column":null}},"15":{"start":{"line":20,"column":91},"end":{"line":20,"column":null}},"16":{"start":{"line":21,"column":19},"end":{"line":21,"column":84}},"17":{"start":{"line":22,"column":2},"end":{"line":22,"column":null}}},"fnMap":{"0":{"name":"extractBountyId","decl":{"start":{"line":3,"column":16},"end":{"line":3,"column":31}},"loc":{"start":{"line":3,"column":45},"end":{"line":14,"column":1}}},"1":{"name":"verifyGithubSignature","decl":{"start":{"line":16,"column":16},"end":{"line":16,"column":37}},"loc":{"start":{"line":16,"column":73},"end":{"line":23,"column":1}}}},"branchMap":{"0":{"loc":{"start":{"line":4,"column":2},"end":{"line":4,"column":null}},"type":"if","locations":[{"start":{"line":4,"column":2},"end":{"line":4,"column":null}}]},"1":{"loc":{"start":{"line":11,"column":4},"end":{"line":11,"column":null}},"type":"if","locations":[{"start":{"line":11,"column":4},"end":{"line":11,"column":null}}]},"2":{"loc":{"start":{"line":17,"column":2},"end":{"line":17,"column":null}},"type":"if","locations":[{"start":{"line":17,"column":2},"end":{"line":17,"column":null}}]},"3":{"loc":{"start":{"line":19,"column":17},"end":{"line":19,"column":56}},"type":"binary-expr","locations":[{"start":{"line":19,"column":17},"end":{"line":19,"column":50}},{"start":{"line":19,"column":54},"end":{"line":19,"column":56}}]},"4":{"loc":{"start":{"line":20,"column":2},"end":{"line":20,"column":null}},"type":"if","locations":[{"start":{"line":20,"column":2},"end":{"line":20,"column":null}}]},"5":{"loc":{"start":{"line":20,"column":6},"end":{"line":20,"column":89}},"type":"binary-expr","locations":[{"start":{"line":20,"column":6},"end":{"line":20,"column":28}},{"start":{"line":20,"column":32},"end":{"line":20,"column":41}},{"start":{"line":20,"column":45},"end":{"line":20,"column":52}},{"start":{"line":20,"column":56},"end":{"line":20,"column":89}}]}},"s":{"0":1,"1":1,"2":1,"3":5,"4":2,"5":3,"6":6,"7":6,"8":2,"9":1,"10":2,"11":1,"12":1,"13":1,"14":1,"15":1,"16":0,"17":0},"f":{"0":5,"1":2},"b":{"0":[2],"1":[2],"2":[1],"3":[1,1],"4":[1],"5":[1,1,1,0]}}
}
